<?xml version="1.0" encoding="UTF-8"?>
<!-- Generated by org.testng.reporters.JUnitReportReporter -->
<testsuite hostname="DESKTOP-K0687PF" failures="0" tests="1" name="testPackage.TestInvalidLogin" time="29.423" errors="0" timestamp="2023-04-14T12:16:40 IST" skipped="0">
  <testcase classname="testPackage.TestInvalidLogin" name="invalidLogin" time="29.423"/>
  <system-out/>
</testsuite> <!-- testPackage.TestInvalidLogin -->
