<?xml version="1.0" encoding="UTF-8"?>
<!-- Generated by org.testng.reporters.JUnitReportReporter -->
<testsuite hostname="DESKTOP-K0687PF" failures="0" tests="1" name="testNGBatchExe.testNGClass1" time="8.989" errors="0" timestamp="2023-03-28T19:51:14 IST" skipped="0">
  <testcase classname="testNGBatchExe.testNGClass1" name="search1" time="8.989"/>
  <system-out/>
</testsuite> <!-- testNGBatchExe.testNGClass1 -->
