<?xml version="1.0" encoding="UTF-8"?>
<!-- Generated by org.testng.reporters.JUnitReportReporter -->
<testsuite hostname="DESKTOP-K0687PF" failures="0" tests="3" name="testNGPackage.Demo3" time="0.012" errors="0" timestamp="2023-03-26T12:08:54 IST" skipped="0">
  <testcase classname="testNGPackage.Demo3" name="m3" time="0.004"/>
  <system-out>
    <![CDATA[This is m3()]]>
  </system-out>
  <testcase classname="testNGPackage.Demo3" name="m2" time="0.004"/>
  <system-out>
    <![CDATA[This is m2()]]>
  </system-out>
  <testcase classname="testNGPackage.Demo3" name="m1" time="0.004"/>
  <system-out>
    <![CDATA[This is m1()]]>
  </system-out>
</testsuite> <!-- testNGPackage.Demo3 -->
