<?xml version="1.0" encoding="UTF-8"?>
<!-- Generated by org.testng.reporters.JUnitReportReporter -->
<testsuite hostname="DESKTOP-K0687PF" failures="0" tests="1" name="testNGBatchExe.TestNGClass3" time="9.508" errors="0" timestamp="2023-03-28T19:51:14 IST" skipped="0">
  <testcase classname="testNGBatchExe.TestNGClass3" name="search3" time="9.508"/>
  <system-out/>
</testsuite> <!-- testNGBatchExe.TestNGClass3 -->
