<?xml version="1.0" encoding="UTF-8"?>
<!-- Generated by org.testng.reporters.JUnitReportReporter -->
<testsuite hostname="DESKTOP-K0687PF" failures="0" tests="6" name="testNGFlag.TestNGGroupExe" time="0.060" errors="0" timestamp="2023-03-30T19:44:49 IST" skipped="0">
  <testcase classname="testNGFlag.TestNGGroupExe" name="st1" time="0.026"/>
  <system-out>
    <![CDATA[st1 is executed]]>
  </system-out>
  <testcase classname="testNGFlag.TestNGGroupExe" name="st3" time="0.009"/>
  <system-out>
    <![CDATA[st3 is executed]]>
  </system-out>
  <testcase classname="testNGFlag.TestNGGroupExe" name="st6" time="0.006"/>
  <system-out>
    <![CDATA[st6 is executed]]>
  </system-out>
  <testcase classname="testNGFlag.TestNGGroupExe" name="st2" time="0.006"/>
  <system-out>
    <![CDATA[st2 is executed]]>
  </system-out>
  <testcase classname="testNGFlag.TestNGGroupExe" name="st4" time="0.008"/>
  <system-out>
    <![CDATA[st4 is executed]]>
  </system-out>
  <testcase classname="testNGFlag.TestNGGroupExe" name="st5" time="0.005"/>
  <system-out>
    <![CDATA[st5 is executed]]>
  </system-out>
</testsuite> <!-- testNGFlag.TestNGGroupExe -->
