<?xml version="1.0" encoding="UTF-8"?>
<!-- Generated by org.testng.reporters.JUnitReportReporter -->
<testsuite hostname="DESKTOP-K0687PF" failures="0" tests="10" name="testNGFlag.InvocationCount" time="0.079" errors="0" timestamp="2023-03-30T20:16:15 IST" skipped="0">
  <testcase classname="testNGFlag.InvocationCount" name="ft" time="0.011"/>
  <system-out>
    <![CDATA[FTC is executing!!!]]>
  </system-out>
  <testcase classname="testNGFlag.InvocationCount" name="ft" time="0.005"/>
  <system-out>
    <![CDATA[FTC is executing!!!]]>
  </system-out>
  <testcase classname="testNGFlag.InvocationCount" name="ft" time="0.004"/>
  <system-out>
    <![CDATA[FTC is executing!!!]]>
  </system-out>
  <testcase classname="testNGFlag.InvocationCount" name="ft" time="0.003"/>
  <system-out>
    <![CDATA[FTC is executing!!!]]>
  </system-out>
  <testcase classname="testNGFlag.InvocationCount" name="ft" time="0.007"/>
  <system-out>
    <![CDATA[FTC is executing!!!]]>
  </system-out>
  <testcase classname="testNGFlag.InvocationCount" name="ft" time="0.005"/>
  <system-out>
    <![CDATA[FTC is executing!!!]]>
  </system-out>
  <testcase classname="testNGFlag.InvocationCount" name="ft" time="0.007"/>
  <system-out>
    <![CDATA[FTC is executing!!!]]>
  </system-out>
  <testcase classname="testNGFlag.InvocationCount" name="ft" time="0.012"/>
  <system-out>
    <![CDATA[FTC is executing!!!]]>
  </system-out>
  <testcase classname="testNGFlag.InvocationCount" name="ft" time="0.015"/>
  <system-out>
    <![CDATA[FTC is executing!!!]]>
  </system-out>
  <testcase classname="testNGFlag.InvocationCount" name="ft" time="0.010"/>
  <system-out>
    <![CDATA[FTC is executing!!!]]>
  </system-out>
</testsuite> <!-- testNGFlag.InvocationCount -->
