<?xml version="1.0" encoding="UTF-8"?>
<!-- Generated by org.testng.reporters.JUnitReportReporter -->
<testsuite hostname="DESKTOP-K0687PF" failures="0" tests="2" name="testNGBatchExe.MethodExe" time="0.043" errors="0" timestamp="2023-03-28T20:02:46 IST" skipped="0">
  <testcase classname="testNGBatchExe.MethodExe" name="method1" time="0.034"/>
  <system-out>
    <![CDATA[1 is a Threadid]]>
  </system-out>
  <testcase classname="testNGBatchExe.MethodExe" name="method2" time="0.009"/>
  <system-out>
    <![CDATA[1 is a Threadid]]>
  </system-out>
</testsuite> <!-- testNGBatchExe.MethodExe -->
