<?xml version="1.0" encoding="UTF-8"?>
<!-- Generated by org.testng.reporters.JUnitReportReporter -->
<testsuite hostname="DESKTOP-K0687PF" failures="0" tests="1" name="testNGFlag.TestNGDescriptionFlag" time="0.019" errors="0" timestamp="2023-03-30T19:58:17 IST" skipped="0">
  <testcase classname="testNGFlag.TestNGDescriptionFlag" name="search" time="0.019"/>
  <system-out>
    <![CDATA[SQL]]>
  </system-out>
</testsuite> <!-- testNGFlag.TestNGDescriptionFlag -->
