<?xml version="1.0" encoding="UTF-8"?>
<!-- Generated by org.testng.reporters.JUnitReportReporter -->
<testsuite hostname="DESKTOP-K0687PF" failures="0" tests="3" name="testNGPackage.Demo" time="0.047" errors="0" timestamp="2023-03-26T13:51:47 IST" skipped="0">
  <testcase classname="testNGPackage.Demo" name="f" time="0.016"/>
  <system-out>
    <![CDATA[Happy Sunday!!]]>
  </system-out>
  <testcase classname="testNGPackage.Demo" name="s1" time="0.022"/>
  <system-out>
    <![CDATA[Today is going to be great day!!!]]>
  </system-out>
  <testcase classname="testNGPackage.Demo" name="s2" time="0.009"/>
  <system-out>
    <![CDATA[Hello TestNG!!]]>
  </system-out>
</testsuite> <!-- testNGPackage.Demo -->
