<?xml version="1.0" encoding="UTF-8"?>
<!-- Generated by org.testng.reporters.JUnitReportReporter -->
<testsuite hostname="DESKTOP-K0687PF" failures="0" tests="3" name="testNGAnnotation.GoogleTestCase" time="52.492" errors="0" timestamp="2023-03-27T20:19:38 IST" skipped="0">
  <testcase classname="testNGAnnotation.GoogleTestCase" name="search1" time="19.873"/>
  <system-out/>
  <testcase classname="testNGAnnotation.GoogleTestCase" name="search2" time="19.807"/>
  <system-out/>
  <testcase classname="testNGAnnotation.GoogleTestCase" name="search3" time="12.812"/>
  <system-out/>
</testsuite> <!-- testNGAnnotation.GoogleTestCase -->
