<?xml version="1.0" encoding="UTF-8"?>
<!-- Generated by org.testng.reporters.JUnitReportReporter -->
<testsuite hostname="DESKTOP-K0687PF" failures="0" tests="10" name="testNGFlag.InvocationCountFlag" time="0.033" errors="0" timestamp="2023-04-15T09:33:35 IST" skipped="0">
  <testcase classname="testNGFlag.InvocationCountFlag" name="ft" time="0.002"/>
  <system-out>
    <![CDATA[FTC is executing!!!]]>
  </system-out>
  <testcase classname="testNGFlag.InvocationCountFlag" name="ft" time="0.004"/>
  <system-out>
    <![CDATA[FTC is executing!!!]]>
  </system-out>
  <testcase classname="testNGFlag.InvocationCountFlag" name="ft" time="0.002"/>
  <system-out>
    <![CDATA[FTC is executing!!!]]>
  </system-out>
  <testcase classname="testNGFlag.InvocationCountFlag" name="ft" time="0.003"/>
  <system-out>
    <![CDATA[FTC is executing!!!]]>
  </system-out>
  <testcase classname="testNGFlag.InvocationCountFlag" name="ft" time="0.002"/>
  <system-out>
    <![CDATA[FTC is executing!!!]]>
  </system-out>
  <testcase classname="testNGFlag.InvocationCountFlag" name="ft" time="0.002"/>
  <system-out>
    <![CDATA[FTC is executing!!!]]>
  </system-out>
  <testcase classname="testNGFlag.InvocationCountFlag" name="ft" time="0.002"/>
  <system-out>
    <![CDATA[FTC is executing!!!]]>
  </system-out>
  <testcase classname="testNGFlag.InvocationCountFlag" name="ft" time="0.003"/>
  <system-out>
    <![CDATA[FTC is executing!!!]]>
  </system-out>
  <testcase classname="testNGFlag.InvocationCountFlag" name="ft" time="0.011"/>
  <system-out>
    <![CDATA[FTC is executing!!!]]>
  </system-out>
  <testcase classname="testNGFlag.InvocationCountFlag" name="ft" time="0.002"/>
  <system-out>
    <![CDATA[FTC is executing!!!]]>
  </system-out>
</testsuite> <!-- testNGFlag.InvocationCountFlag -->
