<?xml version="1.0" encoding="UTF-8"?>
<!-- Generated by org.testng.reporters.JUnitReportReporter -->
<testsuite hostname="DESKTOP-K0687PF" failures="0" tests="3" name="testNGAnnotation.TestAnnotation" time="0.033" errors="0" timestamp="2023-03-27T19:37:36 IST" skipped="0">
  <testcase classname="testNGAnnotation.TestAnnotation" name="g" time="0.009"/>
  <system-out>
    <![CDATA[Test2]]>
  </system-out>
  <testcase classname="testNGAnnotation.TestAnnotation" name="f" time="0.013"/>
  <system-out>
    <![CDATA[Test1]]>
  </system-out>
  <testcase classname="testNGAnnotation.TestAnnotation" name="h" time="0.011"/>
  <system-out>
    <![CDATA[Test3]]>
  </system-out>
</testsuite> <!-- testNGAnnotation.TestAnnotation -->
