<?xml version="1.0" encoding="UTF-8"?>
<!-- Generated by org.testng.reporters.JUnitReportReporter -->
<testsuite hostname="DESKTOP-K0687PF" failures="0" tests="2" name="testNGFlag.EnableFlag" time="0.020" errors="0" timestamp="2023-03-31T19:17:49 IST" skipped="1">
  <testcase classname="testNGFlag.EnableFlag" name="logout" time="0.020"/>
  <system-out>
    <![CDATA[Logout method]]>
  </system-out>
  <testcase classname="testNGFlag.EnableFlag" name="login">
    <skipped/>
  </testcase> <!-- login -->
  <system-out/>
</testsuite> <!-- testNGFlag.EnableFlag -->
