<?xml version="1.0" encoding="UTF-8"?>
<!-- Generated by org.testng.reporters.JUnitReportReporter -->
<testsuite hostname="DESKTOP-K0687PF" failures="0" tests="3" name="testNGFlag.DependsOnMethodsFlag" time="0.025" errors="0" timestamp="2023-03-30T20:24:47 IST" skipped="0">
  <testcase classname="testNGFlag.DependsOnMethodsFlag" name="login" time="0.016"/>
  <system-out>
    <![CDATA[Logged in!!]]>
  </system-out>
  <testcase classname="testNGFlag.DependsOnMethodsFlag" name="createUser" time="0.006"/>
  <system-out>
    <![CDATA[User is created]]>
  </system-out>
  <testcase classname="testNGFlag.DependsOnMethodsFlag" name="logOut" time="0.003"/>
  <system-out>
    <![CDATA[Logged out]]>
  </system-out>
</testsuite> <!-- testNGFlag.DependsOnMethodsFlag -->
